<?xml version="1.0" encoding="UTF-8"?>
<!-- Generated by org.testng.reporters.JUnitReportReporter -->
<testsuite hostname="LenovoAsus" failures="0" tests="6" name="Ujian.ATMTest" time="0.025" errors="0" timestamp="2024-11-17T22:07:11 WIB" skipped="0">
  <testcase classname="Ujian.ATMTest" name="testTarikUangLebihDariSaldo" time="0.002"/>
  <system-out/>
  <testcase classname="Ujian.ATMTest" name="testTarikUangNegatif" time="0.003"/>
  <system-out/>
  <testcase classname="Ujian.ATMTest" name="testLihatSaldo" time="0.009"/>
  <system-out/>
  <testcase classname="Ujian.ATMTest" name="testSetorUangNegatif" time="0.006"/>
  <system-out/>
  <testcase classname="Ujian.ATMTest" name="testSetorUang" time="0.003"/>
  <system-out/>
  <testcase classname="Ujian.ATMTest" name="testTarikUang" time="0.002"/>
  <system-out/>
</testsuite> <!-- Ujian.ATMTest -->
